This file contains any messages produced by compilers while
running configure, to aid debugging if configure makes a mistake.

It was created by tcllunasvg configure 0.1.1, which was
generated by GNU Autoconf 2.71.  Invocation command line was

  $ ./configure --with-tcl=/usr/lib/tcl8.6 --with-lunasvg=/home/greg/src/lunasvg

## --------- ##
## Platform. ##
## --------- ##

hostname = lxpro
uname -m = x86_64
uname -r = 7.1.3+deb14-amd64
uname -s = Linux
uname -v = #1 SMP PREEMPT_DYNAMIC Debian 7.1.3-1 (2026-07-04)

/usr/bin/uname -p = unknown
/bin/uname -X     = unknown

/bin/arch              = x86_64
/usr/bin/arch -k       = unknown
/usr/convex/getsysinfo = unknown
/usr/bin/hostinfo      = unknown
/bin/machine           = unknown
/usr/bin/oslevel       = unknown
/bin/universe          = unknown

PATH: /home/greg/.TinyTeX/bin/x86_64-linux/
PATH: /home/greg/go/bin/
PATH: /usr/local/go/bin/
PATH: /home/greg/.local/bin/
PATH: /home/greg/bin/
PATH: /home/greg/development/android-studio/bin/
PATH: /opt/oracle/instantclient_19_25/
PATH: /usr/local/bin/
PATH: /usr/bin/
PATH: /bin/
PATH: /usr/local/games/
PATH: /usr/games/


## ----------- ##
## Core tests. ##
## ----------- ##

configure:2854: checking TEA configuration
configure:2860: result: ok (TEA 3.13)
configure:2946: configuring tcllunasvg 0.1.1
configure:2976: checking system version
configure:3003: result: Linux-7.1.3+deb14-amd64
configure:3049: checking for Tcl configuration
configure:3188: result: found /usr/lib/tcl8.6/tclConfig.sh
configure:3255: checking for gcc
configure:3276: found /usr/bin/gcc
configure:3287: result: gcc
configure:3640: checking for C compiler version
configure:3649: gcc --version >&5
gcc (Debian 15.3.0-1) 15.3.0
Copyright (C) 2025 Free Software Foundation, Inc.
This is free software; see the source for copying conditions.  There is NO
warranty; not even for MERCHANTABILITY or FITNESS FOR A PARTICULAR PURPOSE.

configure:3660: $? = 0
configure:3649: gcc -v >&5
Using built-in specs.
COLLECT_GCC=gcc
COLLECT_LTO_WRAPPER=/usr/libexec/gcc/x86_64-linux-gnu/15/lto-wrapper
OFFLOAD_TARGET_NAMES=nvptx-none:amdgcn-amdhsa
OFFLOAD_TARGET_DEFAULT=1
Target: x86_64-linux-gnu
Configured with: ../src/configure -v --with-pkgversion='Debian 15.3.0-1' --with-bugurl=file:///usr/share/doc/gcc-15/README.Bugs --enable-languages=c,ada,c++,go,d,fortran,objc,obj-c++,m2,rust,cobol,algol68 --prefix=/usr --with-gcc-major-version-only --program-suffix=-15 --program-prefix=x86_64-linux-gnu- --enable-shared --enable-linker-build-id --libexecdir=/usr/libexec --without-included-gettext --enable-threads=posix --libdir=/usr/lib --enable-nls --enable-bootstrap --enable-clocale=gnu --enable-libstdcxx-debug --enable-libstdcxx-time=yes --with-default-libstdcxx-abi=new --enable-libstdcxx-backtrace --enable-gnu-unique-object --disable-vtable-verify --enable-plugin --enable-default-pie --with-system-zlib --enable-libphobos-checking=release --with-target-system-zlib=auto --enable-objc-gc=auto --enable-multiarch --disable-werror --enable-cet --with-arch-32=i686 --with-abi=m64 --with-multilib-list=m32,m64,mx32 --enable-multilib --with-tune=generic --enable-offload-targets=nvptx-none=/build/reproducible-path/gcc-15-15.3.0/debian/tmp-nvptx/usr,amdgcn-amdhsa=/build/reproducible-path/gcc-15-15.3.0/debian/tmp-gcn/usr --enable-offload-defaulted --without-cuda-driver --enable-checking=release --build=x86_64-linux-gnu --host=x86_64-linux-gnu --target=x86_64-linux-gnu --with-build-config=bootstrap-lto-lean --enable-link-serialization=3
Thread model: posix
Supported LTO compression algorithms: zlib zstd
gcc version 15.3.0 (Debian 15.3.0-1) 
... rest of stderr output deleted ...
configure:3660: $? = 0
configure:3649: gcc -V >&5
gcc: error: unrecognized command-line option '-V'
gcc: fatal error: no input files
compilation terminated.
configure:3660: $? = 1
configure:3649: gcc -qversion >&5
gcc: error: unrecognized command-line option '-qversion'; did you mean '--version'?
gcc: fatal error: no input files
compilation terminated.
configure:3660: $? = 1
configure:3649: gcc -version >&5
gcc: error: unrecognized command-line option '-version'
gcc: fatal error: no input files
compilation terminated.
configure:3660: $? = 1
configure:3680: checking whether the C compiler works
configure:3702: gcc    conftest.c  >&5
configure:3706: $? = 0
configure:3756: result: yes
configure:3759: checking for C compiler default output file name
configure:3761: result: a.out
configure:3767: checking for suffix of executables
configure:3774: gcc -o conftest    conftest.c  >&5
configure:3778: $? = 0
configure:3801: result: 
configure:3823: checking whether we are cross compiling
configure:3831: gcc -o conftest    conftest.c  >&5
configure:3835: $? = 0
configure:3842: ./conftest
configure:3846: $? = 0
configure:3861: result: no
configure:3866: checking for suffix of object files
configure:3889: gcc -c   conftest.c >&5
configure:3893: $? = 0
configure:3915: result: o
configure:3919: checking whether the compiler supports GNU C
configure:3939: gcc -c   conftest.c >&5
configure:3939: $? = 0
configure:3949: result: yes
configure:3960: checking whether gcc accepts -g
configure:3981: gcc -c -g  conftest.c >&5
configure:3981: $? = 0
configure:4025: result: yes
configure:4045: checking for gcc option to enable C11 features
configure:4060: gcc  -c   conftest.c >&5
conftest.c: In function 'e':
conftest.c:23:14: warning: old-style function definition [-Wold-style-definition]
   23 | static char *e (p, i)
      |              ^
configure:4060: $? = 0
configure:4078: result: none needed
configure:4190: checking for existence of /usr/lib/tcl8.6/tclConfig.sh
configure:4194: result: loading
configure:4248: checking platform
configure:4266: x86_64-linux-gnu-gcc -c   conftest.c >&5
configure:4266: $? = 0
configure:4323: result: unix
configure:4435: --prefix defaulting to TCL_PREFIX /usr
configure:4447: --exec-prefix defaulting to TCL_EXEC_PREFIX /usr
configure:4514: checking for gcc
configure:4546: result: gcc
configure:4899: checking for C compiler version
configure:4908: gcc --version >&5
gcc (Debian 15.3.0-1) 15.3.0
Copyright (C) 2025 Free Software Foundation, Inc.
This is free software; see the source for copying conditions.  There is NO
warranty; not even for MERCHANTABILITY or FITNESS FOR A PARTICULAR PURPOSE.

configure:4919: $? = 0
configure:4908: gcc -v >&5
Using built-in specs.
COLLECT_GCC=gcc
COLLECT_LTO_WRAPPER=/usr/libexec/gcc/x86_64-linux-gnu/15/lto-wrapper
OFFLOAD_TARGET_NAMES=nvptx-none:amdgcn-amdhsa
OFFLOAD_TARGET_DEFAULT=1
Target: x86_64-linux-gnu
Configured with: ../src/configure -v --with-pkgversion='Debian 15.3.0-1' --with-bugurl=file:///usr/share/doc/gcc-15/README.Bugs --enable-languages=c,ada,c++,go,d,fortran,objc,obj-c++,m2,rust,cobol,algol68 --prefix=/usr --with-gcc-major-version-only --program-suffix=-15 --program-prefix=x86_64-linux-gnu- --enable-shared --enable-linker-build-id --libexecdir=/usr/libexec --without-included-gettext --enable-threads=posix --libdir=/usr/lib --enable-nls --enable-bootstrap --enable-clocale=gnu --enable-libstdcxx-debug --enable-libstdcxx-time=yes --with-default-libstdcxx-abi=new --enable-libstdcxx-backtrace --enable-gnu-unique-object --disable-vtable-verify --enable-plugin --enable-default-pie --with-system-zlib --enable-libphobos-checking=release --with-target-system-zlib=auto --enable-objc-gc=auto --enable-multiarch --disable-werror --enable-cet --with-arch-32=i686 --with-abi=m64 --with-multilib-list=m32,m64,mx32 --enable-multilib --with-tune=generic --enable-offload-targets=nvptx-none=/build/reproducible-path/gcc-15-15.3.0/debian/tmp-nvptx/usr,amdgcn-amdhsa=/build/reproducible-path/gcc-15-15.3.0/debian/tmp-gcn/usr --enable-offload-defaulted --without-cuda-driver --enable-checking=release --build=x86_64-linux-gnu --host=x86_64-linux-gnu --target=x86_64-linux-gnu --with-build-config=bootstrap-lto-lean --enable-link-serialization=3
Thread model: posix
Supported LTO compression algorithms: zlib zstd
gcc version 15.3.0 (Debian 15.3.0-1) 
... rest of stderr output deleted ...
configure:4919: $? = 0
configure:4908: gcc -V >&5
gcc: error: unrecognized command-line option '-V'
gcc: fatal error: no input files
compilation terminated.
configure:4919: $? = 1
configure:4908: gcc -qversion >&5
gcc: error: unrecognized command-line option '-qversion'; did you mean '--version'?
gcc: fatal error: no input files
compilation terminated.
configure:4919: $? = 1
configure:4908: gcc -version >&5
gcc: error: unrecognized command-line option '-version'
gcc: fatal error: no input files
compilation terminated.
configure:4919: $? = 1
configure:4923: checking whether the compiler supports GNU C
configure:4953: result: yes
configure:4964: checking whether gcc accepts -g
configure:5029: result: yes
configure:5049: checking for gcc option to enable C11 features
configure:5082: result: none needed
configure:5197: checking how to run the C preprocessor
configure:5223: gcc -E  conftest.c
configure:5223: $? = 0
configure:5238: gcc -E  conftest.c
conftest.c:10:10: fatal error: ac_nonexistent.h: No such file or directory
   10 | #include <ac_nonexistent.h>
      |          ^~~~~~~~~~~~~~~~~~
compilation terminated.
configure:5238: $? = 1
configure: failed program was:
| /* confdefs.h */
| #define PACKAGE_NAME "tcllunasvg"
| #define PACKAGE_TARNAME "tcllunasvg"
| #define PACKAGE_VERSION "0.1.1"
| #define PACKAGE_STRING "tcllunasvg 0.1.1"
| #define PACKAGE_BUGREPORT ""
| #define PACKAGE_URL ""
| #define BUILD_tcllunasvg /**/
| /* end confdefs.h.  */
| #include <ac_nonexistent.h>
configure:5265: result: gcc -E
configure:5279: gcc -E  conftest.c
configure:5279: $? = 0
configure:5294: gcc -E  conftest.c
conftest.c:10:10: fatal error: ac_nonexistent.h: No such file or directory
   10 | #include <ac_nonexistent.h>
      |          ^~~~~~~~~~~~~~~~~~
compilation terminated.
configure:5294: $? = 1
configure: failed program was:
| /* confdefs.h */
| #define PACKAGE_NAME "tcllunasvg"
| #define PACKAGE_TARNAME "tcllunasvg"
| #define PACKAGE_VERSION "0.1.1"
| #define PACKAGE_STRING "tcllunasvg 0.1.1"
| #define PACKAGE_BUGREPORT ""
| #define PACKAGE_URL ""
| #define BUILD_tcllunasvg /**/
| /* end confdefs.h.  */
| #include <ac_nonexistent.h>
configure:5329: checking whether make sets $(MAKE)
configure:5352: result: yes
configure:5414: checking for ranlib
configure:5435: found /usr/bin/ranlib
configure:5446: result: ranlib
configure:5480: checking for stdio.h
configure:5480: gcc -c   conftest.c >&5
configure:5480: $? = 0
configure:5480: result: yes
configure:5480: checking for stdlib.h
configure:5480: gcc -c   conftest.c >&5
configure:5480: $? = 0
configure:5480: result: yes
configure:5480: checking for string.h
configure:5480: gcc -c   conftest.c >&5
configure:5480: $? = 0
configure:5480: result: yes
configure:5480: checking for inttypes.h
configure:5480: gcc -c   conftest.c >&5
configure:5480: $? = 0
configure:5480: result: yes
configure:5480: checking for stdint.h
configure:5480: gcc -c   conftest.c >&5
configure:5480: $? = 0
configure:5480: result: yes
configure:5480: checking for strings.h
configure:5480: gcc -c   conftest.c >&5
configure:5480: $? = 0
configure:5480: result: yes
configure:5480: checking for sys/stat.h
configure:5480: gcc -c   conftest.c >&5
configure:5480: $? = 0
configure:5480: result: yes
configure:5480: checking for sys/types.h
configure:5480: gcc -c   conftest.c >&5
configure:5480: $? = 0
configure:5480: result: yes
configure:5480: checking for unistd.h
configure:5480: gcc -c   conftest.c >&5
configure:5480: $? = 0
configure:5480: result: yes
configure:5515: checking if the compiler understands -pipe
configure:5534: gcc -c  -pipe  conftest.c >&5
configure:5534: $? = 0
configure:5543: result: yes
configure:5560: checking whether byte ordering is bigendian
configure:5576: gcc -c  -pipe  conftest.c >&5
conftest.c:22:16: error: unknown type name 'not'
   22 |                not a universal capable compiler
      |                ^~~
conftest.c:22:22: error: expected '=', ',', ';', 'asm' or '__attribute__' before 'universal'
   22 |                not a universal capable compiler
      |                      ^~~~~~~~~
conftest.c:22:22: error: unknown type name 'universal'
configure:5576: $? = 1
configure: failed program was:
| /* confdefs.h */
| #define PACKAGE_NAME "tcllunasvg"
| #define PACKAGE_TARNAME "tcllunasvg"
| #define PACKAGE_VERSION "0.1.1"
| #define PACKAGE_STRING "tcllunasvg 0.1.1"
| #define PACKAGE_BUGREPORT ""
| #define PACKAGE_URL ""
| #define BUILD_tcllunasvg /**/
| #define HAVE_STDIO_H 1
| #define HAVE_STDLIB_H 1
| #define HAVE_STRING_H 1
| #define HAVE_INTTYPES_H 1
| #define HAVE_STDINT_H 1
| #define HAVE_STRINGS_H 1
| #define HAVE_SYS_STAT_H 1
| #define HAVE_SYS_TYPES_H 1
| #define HAVE_UNISTD_H 1
| #define STDC_HEADERS 1
| #define Tcl_Size int
| /* end confdefs.h.  */
| #ifndef __APPLE_CC__
| 	       not a universal capable compiler
| 	     #endif
| 	     typedef int dummy;
| 
configure:5622: gcc -c  -pipe  conftest.c >&5
configure:5622: $? = 0
configure:5641: gcc -c  -pipe  conftest.c >&5
conftest.c: In function 'main':
conftest.c:28:18: error: unknown type name 'not'; did you mean 'ino_t'?
   28 |                  not big endian
      |                  ^~~
      |                  ino_t
conftest.c:28:26: error: expected '=', ',', ';', 'asm' or '__attribute__' before 'endian'
   28 |                  not big endian
      |                          ^~~~~~
configure:5641: $? = 1
configure: failed program was:
| /* confdefs.h */
| #define PACKAGE_NAME "tcllunasvg"
| #define PACKAGE_TARNAME "tcllunasvg"
| #define PACKAGE_VERSION "0.1.1"
| #define PACKAGE_STRING "tcllunasvg 0.1.1"
| #define PACKAGE_BUGREPORT ""
| #define PACKAGE_URL ""
| #define BUILD_tcllunasvg /**/
| #define HAVE_STDIO_H 1
| #define HAVE_STDLIB_H 1
| #define HAVE_STRING_H 1
| #define HAVE_INTTYPES_H 1
| #define HAVE_STDINT_H 1
| #define HAVE_STRINGS_H 1
| #define HAVE_SYS_STAT_H 1
| #define HAVE_SYS_TYPES_H 1
| #define HAVE_UNISTD_H 1
| #define STDC_HEADERS 1
| #define Tcl_Size int
| /* end confdefs.h.  */
| #include <sys/types.h>
| 		#include <sys/param.h>
| 
| int
| main (void)
| {
| #if BYTE_ORDER != BIG_ENDIAN
| 		 not big endian
| 		#endif
| 
|   ;
|   return 0;
| }
configure:5775: result: no
configure:5853: checking for Tcl public headers
configure:5926: result: /usr/include/tcl8.6
configure:5981: checking for pthread_mutex_init in -lpthread
configure:6004: gcc -o conftest  -pipe   conftest.c -lpthread   >&5
configure:6004: $? = 0
configure:6014: result: yes
configure:6224: checking for building with threads
configure:6230: result: yes (default)
configure:6253: checking how to build libraries
configure:6289: result: shared
configure:6371: checking for ranlib
configure:6403: result: ranlib
configure:6430: checking if 64bit support is requested
configure:6440: result: no
configure:6445: checking if 64bit Sparc VIS support is requested
configure:6455: result: no
configure:6466: checking if compiler supports visibility "hidden"
configure:6487: gcc -o conftest  -pipe -Werror   conftest.c  >&5
configure:6487: $? = 0
configure:6497: result: yes
configure:6513: checking if rpath support is requested
configure:6523: result: yes
configure:6530: checking system version
configure:6557: result: Linux-7.1.3+deb14-amd64
configure:6643: checking for ar
configure:6664: found /usr/bin/ar
configure:6675: result: ar
configure:8372: checking for cast to union support
configure:8392: gcc -c  -pipe  conftest.c >&5
configure:8392: $? = 0
configure:8401: result: yes
configure:8409: checking for stdbool.h
configure:8409: gcc -c  -pipe  conftest.c >&5
configure:8409: $? = 0
configure:8409: result: yes
configure:8435: checking for required early compiler flags
configure:8454: gcc -c  -pipe  conftest.c >&5
configure:8454: $? = 0
configure:8541: result: none
configure:8549: checking for 64-bit integer type
configure:8569: gcc -c  -pipe  conftest.c >&5
conftest.c: In function 'main':
conftest.c:35:1: error: unknown type name '__int64'
   35 | __int64 value = (__int64) 0;
      | ^~~~~~~
conftest.c:35:18: error: '__int64' undeclared (first use in this function)
   35 | __int64 value = (__int64) 0;
      |                  ^~~~~~~
conftest.c:35:18: note: each undeclared identifier is reported only once for each function it appears in
conftest.c:35:27: error: expected ',' or ';' before numeric constant
   35 | __int64 value = (__int64) 0;
      |                           ^
configure:8569: $? = 1
configure: failed program was:
| /* confdefs.h */
| #define PACKAGE_NAME "tcllunasvg"
| #define PACKAGE_TARNAME "tcllunasvg"
| #define PACKAGE_VERSION "0.1.1"
| #define PACKAGE_STRING "tcllunasvg 0.1.1"
| #define PACKAGE_BUGREPORT ""
| #define PACKAGE_URL ""
| #define BUILD_tcllunasvg /**/
| #define HAVE_STDIO_H 1
| #define HAVE_STDLIB_H 1
| #define HAVE_STRING_H 1
| #define HAVE_INTTYPES_H 1
| #define HAVE_STDINT_H 1
| #define HAVE_STRINGS_H 1
| #define HAVE_SYS_STAT_H 1
| #define HAVE_SYS_TYPES_H 1
| #define HAVE_UNISTD_H 1
| #define STDC_HEADERS 1
| #define Tcl_Size int
| #define USE_THREAD_ALLOC 1
| #define _REENTRANT 1
| #define _THREAD_SAFE 1
| #define TCL_THREADS 1
| #define USE_TCL_STUBS 1
| #define USE_TCLOO_STUBS 1
| #define MODULE_SCOPE extern __attribute__((__visibility__("hidden")))
| #define HAVE_HIDDEN 1
| #define HAVE_CAST_TO_UNION 1
| #define HAVE_STDBOOL_H 1
| /* end confdefs.h.  */
| 
| int
| main (void)
| {
| __int64 value = (__int64) 0;
|   ;
|   return 0;
| }
configure:8592: gcc -c  -pipe  conftest.c >&5
conftest.c: In function 'main':
conftest.c:36:21: error: duplicate case value
   36 |             case 1: case (sizeof(long long)==sizeof(long)): ;
      |                     ^~~~
conftest.c:36:13: note: previously used here
   36 |             case 1: case (sizeof(long long)==sizeof(long)): ;
      |             ^~~~
configure:8592: $? = 1
configure: failed program was:
| /* confdefs.h */
| #define PACKAGE_NAME "tcllunasvg"
| #define PACKAGE_TARNAME "tcllunasvg"
| #define PACKAGE_VERSION "0.1.1"
| #define PACKAGE_STRING "tcllunasvg 0.1.1"
| #define PACKAGE_BUGREPORT ""
| #define PACKAGE_URL ""
| #define BUILD_tcllunasvg /**/
| #define HAVE_STDIO_H 1
| #define HAVE_STDLIB_H 1
| #define HAVE_STRING_H 1
| #define HAVE_INTTYPES_H 1
| #define HAVE_STDINT_H 1
| #define HAVE_STRINGS_H 1
| #define HAVE_SYS_STAT_H 1
| #define HAVE_SYS_TYPES_H 1
| #define HAVE_UNISTD_H 1
| #define STDC_HEADERS 1
| #define Tcl_Size int
| #define USE_THREAD_ALLOC 1
| #define _REENTRANT 1
| #define _THREAD_SAFE 1
| #define TCL_THREADS 1
| #define USE_TCL_STUBS 1
| #define USE_TCLOO_STUBS 1
| #define MODULE_SCOPE extern __attribute__((__visibility__("hidden")))
| #define HAVE_HIDDEN 1
| #define HAVE_CAST_TO_UNION 1
| #define HAVE_STDBOOL_H 1
| /* end confdefs.h.  */
| 
| int
| main (void)
| {
| switch (0) {
| 	    case 1: case (sizeof(long long)==sizeof(long)): ;
| 	}
|   ;
|   return 0;
| }
configure:8603: result: yes
configure:8852: checking for build with symbols
configure:8865: result: no
configure:8991: checking for g++
configure:9012: found /usr/bin/g++
configure:9023: result: g++
configure:9050: checking for C++ compiler version
configure:9059: g++ --version >&5
g++ (Debian 15.3.0-1) 15.3.0
Copyright (C) 2025 Free Software Foundation, Inc.
This is free software; see the source for copying conditions.  There is NO
warranty; not even for MERCHANTABILITY or FITNESS FOR A PARTICULAR PURPOSE.

configure:9070: $? = 0
configure:9059: g++ -v >&5
Using built-in specs.
COLLECT_GCC=g++
COLLECT_LTO_WRAPPER=/usr/libexec/gcc/x86_64-linux-gnu/15/lto-wrapper
OFFLOAD_TARGET_NAMES=nvptx-none:amdgcn-amdhsa
OFFLOAD_TARGET_DEFAULT=1
Target: x86_64-linux-gnu
Configured with: ../src/configure -v --with-pkgversion='Debian 15.3.0-1' --with-bugurl=file:///usr/share/doc/gcc-15/README.Bugs --enable-languages=c,ada,c++,go,d,fortran,objc,obj-c++,m2,rust,cobol,algol68 --prefix=/usr --with-gcc-major-version-only --program-suffix=-15 --program-prefix=x86_64-linux-gnu- --enable-shared --enable-linker-build-id --libexecdir=/usr/libexec --without-included-gettext --enable-threads=posix --libdir=/usr/lib --enable-nls --enable-bootstrap --enable-clocale=gnu --enable-libstdcxx-debug --enable-libstdcxx-time=yes --with-default-libstdcxx-abi=new --enable-libstdcxx-backtrace --enable-gnu-unique-object --disable-vtable-verify --enable-plugin --enable-default-pie --with-system-zlib --enable-libphobos-checking=release --with-target-system-zlib=auto --enable-objc-gc=auto --enable-multiarch --disable-werror --enable-cet --with-arch-32=i686 --with-abi=m64 --with-multilib-list=m32,m64,mx32 --enable-multilib --with-tune=generic --enable-offload-targets=nvptx-none=/build/reproducible-path/gcc-15-15.3.0/debian/tmp-nvptx/usr,amdgcn-amdhsa=/build/reproducible-path/gcc-15-15.3.0/debian/tmp-gcn/usr --enable-offload-defaulted --without-cuda-driver --enable-checking=release --build=x86_64-linux-gnu --host=x86_64-linux-gnu --target=x86_64-linux-gnu --with-build-config=bootstrap-lto-lean --enable-link-serialization=3
Thread model: posix
Supported LTO compression algorithms: zlib zstd
gcc version 15.3.0 (Debian 15.3.0-1) 
... rest of stderr output deleted ...
configure:9070: $? = 0
configure:9059: g++ -V >&5
g++: error: unrecognized command-line option '-V'
g++: fatal error: no input files
compilation terminated.
configure:9070: $? = 1
configure:9059: g++ -qversion >&5
g++: error: unrecognized command-line option '-qversion'; did you mean '--version'?
g++: fatal error: no input files
compilation terminated.
configure:9070: $? = 1
configure:9074: checking whether the compiler supports GNU C++
configure:9094: g++ -c   conftest.cpp >&5
configure:9094: $? = 0
configure:9104: result: yes
configure:9115: checking whether g++ accepts -g
configure:9136: g++ -c -g  conftest.cpp >&5
configure:9136: $? = 0
configure:9180: result: yes
configure:9200: checking for g++ option to enable C++11 features
configure:9215: g++  -c   conftest.cpp >&5
conftest.cpp: In function 'int main(int, char**)':
conftest.cpp:199:25: warning: empty parentheses were disambiguated as a function declaration [-Wvexing-parse]
  199 |   cxx11test::delegate d2();
      |                         ^~
conftest.cpp:199:25: note: remove parentheses to default-initialize a variable
  199 |   cxx11test::delegate d2();
      |                         ^~
      |                         --
conftest.cpp:199:25: note: or replace parentheses with braces to value-initialize a variable
configure:9215: $? = 0
configure:9233: result: none needed
configure:9302: checking how to run the C++ preprocessor
configure:9324: g++ -E  conftest.cpp
configure:9324: $? = 0
configure:9339: g++ -E  conftest.cpp
conftest.cpp:33:10: fatal error: ac_nonexistent.h: No such file or directory
   33 | #include <ac_nonexistent.h>
      |          ^~~~~~~~~~~~~~~~~~
compilation terminated.
configure:9339: $? = 1
configure: failed program was:
| /* confdefs.h */
| #define PACKAGE_NAME "tcllunasvg"
| #define PACKAGE_TARNAME "tcllunasvg"
| #define PACKAGE_VERSION "0.1.1"
| #define PACKAGE_STRING "tcllunasvg 0.1.1"
| #define PACKAGE_BUGREPORT ""
| #define PACKAGE_URL ""
| #define BUILD_tcllunasvg /**/
| #define HAVE_STDIO_H 1
| #define HAVE_STDLIB_H 1
| #define HAVE_STRING_H 1
| #define HAVE_INTTYPES_H 1
| #define HAVE_STDINT_H 1
| #define HAVE_STRINGS_H 1
| #define HAVE_SYS_STAT_H 1
| #define HAVE_SYS_TYPES_H 1
| #define HAVE_UNISTD_H 1
| #define STDC_HEADERS 1
| #define Tcl_Size int
| #define USE_THREAD_ALLOC 1
| #define _REENTRANT 1
| #define _THREAD_SAFE 1
| #define TCL_THREADS 1
| #define USE_TCL_STUBS 1
| #define USE_TCLOO_STUBS 1
| #define MODULE_SCOPE extern __attribute__((__visibility__("hidden")))
| #define HAVE_HIDDEN 1
| #define HAVE_CAST_TO_UNION 1
| #define HAVE_STDBOOL_H 1
| #define TCL_WIDE_INT_IS_LONG 1
| #define TCL_CFG_OPTIMIZED 1
| /* end confdefs.h.  */
| #include <ac_nonexistent.h>
configure:9366: result: g++ -E
configure:9380: g++ -E  conftest.cpp
configure:9380: $? = 0
configure:9395: g++ -E  conftest.cpp
conftest.cpp:33:10: fatal error: ac_nonexistent.h: No such file or directory
   33 | #include <ac_nonexistent.h>
      |          ^~~~~~~~~~~~~~~~~~
compilation terminated.
configure:9395: $? = 1
configure: failed program was:
| /* confdefs.h */
| #define PACKAGE_NAME "tcllunasvg"
| #define PACKAGE_TARNAME "tcllunasvg"
| #define PACKAGE_VERSION "0.1.1"
| #define PACKAGE_STRING "tcllunasvg 0.1.1"
| #define PACKAGE_BUGREPORT ""
| #define PACKAGE_URL ""
| #define BUILD_tcllunasvg /**/
| #define HAVE_STDIO_H 1
| #define HAVE_STDLIB_H 1
| #define HAVE_STRING_H 1
| #define HAVE_INTTYPES_H 1
| #define HAVE_STDINT_H 1
| #define HAVE_STRINGS_H 1
| #define HAVE_SYS_STAT_H 1
| #define HAVE_SYS_TYPES_H 1
| #define HAVE_UNISTD_H 1
| #define STDC_HEADERS 1
| #define Tcl_Size int
| #define USE_THREAD_ALLOC 1
| #define _REENTRANT 1
| #define _THREAD_SAFE 1
| #define TCL_THREADS 1
| #define USE_TCL_STUBS 1
| #define USE_TCLOO_STUBS 1
| #define MODULE_SCOPE extern __attribute__((__visibility__("hidden")))
| #define HAVE_HIDDEN 1
| #define HAVE_CAST_TO_UNION 1
| #define HAVE_STDBOOL_H 1
| #define TCL_WIDE_INT_IS_LONG 1
| #define TCL_CFG_OPTIMIZED 1
| /* end confdefs.h.  */
| #include <ac_nonexistent.h>
configure:9448: linking with the C++ driver: ${CXX} ${CXXFLAGS} ${LDFLAGS_DEFAULT} -shared
configure:9518: checking how to link the C++ runtime
configure:9533: result: static
configure:9599: checking for lunasvg in /home/greg/src/lunasvg
configure:9619: result: yes (/home/greg/src/lunasvg/build_shared/liblunasvg.so)
configure:9700: checking for lunasvg.h
configure:9700: g++ -c -std=c++17 -I/home/greg/src/lunasvg/include  conftest.cpp >&5
configure:9700: $? = 0
configure:9700: result: yes
configure:9746: checking for grep that handles long lines and -e
configure:9810: result: /usr/bin/grep
configure:9815: checking for egrep
configure:9883: result: /usr/bin/grep -E
configure:10067: checking for tclsh
configure:10102: result: /usr/bin/tclsh8.6
configure:10260: creating ./config.status

## ---------------------- ##
## Running config.status. ##
## ---------------------- ##

This file was extended by tcllunasvg config.status 0.1.1, which was
generated by GNU Autoconf 2.71.  Invocation command line was

  CONFIG_FILES    = 
  CONFIG_HEADERS  = 
  CONFIG_LINKS    = 
  CONFIG_COMMANDS = 
  $ ./config.status 

on lxpro

config.status:808: creating Makefile
config.status:808: creating pkgIndex.tcl

## ---------------- ##
## Cache variables. ##
## ---------------- ##

ac_cv_c_bigendian=no
ac_cv_c_compiler_gnu=yes
ac_cv_c_tclconfig=/usr/lib/tcl8.6
ac_cv_c_tclh=/usr/include/tcl8.6
ac_cv_cxx_compiler_gnu=yes
ac_cv_env_CCC_set=
ac_cv_env_CCC_value=
ac_cv_env_CC_set=
ac_cv_env_CC_value=
ac_cv_env_CFLAGS_set=
ac_cv_env_CFLAGS_value=
ac_cv_env_CPPFLAGS_set=
ac_cv_env_CPPFLAGS_value=
ac_cv_env_CPP_set=
ac_cv_env_CPP_value=
ac_cv_env_CXXCPP_set=
ac_cv_env_CXXCPP_value=
ac_cv_env_CXXFLAGS_set=
ac_cv_env_CXXFLAGS_value=
ac_cv_env_CXX_set=
ac_cv_env_CXX_value=
ac_cv_env_LDFLAGS_set=
ac_cv_env_LDFLAGS_value=
ac_cv_env_LIBS_set=
ac_cv_env_LIBS_value=
ac_cv_env_build_alias_set=
ac_cv_env_build_alias_value=
ac_cv_env_host_alias_set=
ac_cv_env_host_alias_value=
ac_cv_env_target_alias_set=
ac_cv_env_target_alias_value=
ac_cv_header_inttypes_h=yes
ac_cv_header_lunasvg_h=yes
ac_cv_header_stdbool_h=yes
ac_cv_header_stdint_h=yes
ac_cv_header_stdio_h=yes
ac_cv_header_stdlib_h=yes
ac_cv_header_string_h=yes
ac_cv_header_strings_h=yes
ac_cv_header_sys_stat_h=yes
ac_cv_header_sys_types_h=yes
ac_cv_header_unistd_h=yes
ac_cv_lib_pthread_pthread_mutex_init=yes
ac_cv_objext=o
ac_cv_path_EGREP='/usr/bin/grep -E'
ac_cv_path_GREP=/usr/bin/grep
ac_cv_prog_CPP='gcc -E'
ac_cv_prog_CXXCPP='g++ -E'
ac_cv_prog_ac_ct_AR=ar
ac_cv_prog_ac_ct_CC=gcc
ac_cv_prog_ac_ct_CXX=g++
ac_cv_prog_ac_ct_RANLIB=ranlib
ac_cv_prog_cc_c11=
ac_cv_prog_cc_g=yes
ac_cv_prog_cc_stdc=
ac_cv_prog_cxx_cxx11=
ac_cv_prog_cxx_g=yes
ac_cv_prog_cxx_stdcxx=
ac_cv_prog_make_make_set=yes
tcl_cv_cast_to_union=yes
tcl_cv_cc_pipe=yes
tcl_cv_cc_visibility_hidden=yes
tcl_cv_flag__isoc99_source=no
tcl_cv_sys_version=Linux-7.1.3+deb14-amd64
tcl_cv_type_64bit=none

## ----------------- ##
## Output variables. ##
## ----------------- ##

AR='ar'
CC='gcc'
CFLAGS=' -pipe ${CFLAGS_DEFAULT} ${CFLAGS_WARNING} ${SHLIB_CFLAGS} '
CFLAGS_DEBUG='-g'
CFLAGS_DEFAULT='-O2 -fomit-frame-pointer -DNDEBUG'
CFLAGS_OPTIMIZE='-O2 -fomit-frame-pointer'
CFLAGS_WARNING='-Wall'
CLEANFILES=''
CPP='gcc -E'
CPPFLAGS=''
CXX='g++'
CXXCPP='g++ -E'
CXXFLAGS=' ${CXXFLAGS_STD} ${CFLAGS_DEFAULT} ${CFLAGS_WARNING} ${SHLIB_CFLAGS}'
CXXFLAGS_STD='-std=c++17'
CYGPATH='echo'
DEFS='-DPACKAGE_NAME=\"tcllunasvg\" -DPACKAGE_TARNAME=\"tcllunasvg\" -DPACKAGE_VERSION=\"0.1.1\" -DPACKAGE_STRING=\"tcllunasvg\ 0.1.1\" -DPACKAGE_BUGREPORT=\"\" -DPACKAGE_URL=\"\" -DBUILD_tcllunasvg=/\*\*/ -DHAVE_STDIO_H=1 -DHAVE_STDLIB_H=1 -DHAVE_STRING_H=1 -DHAVE_INTTYPES_H=1 -DHAVE_STDINT_H=1 -DHAVE_STRINGS_H=1 -DHAVE_SYS_STAT_H=1 -DHAVE_SYS_TYPES_H=1 -DHAVE_UNISTD_H=1 -DSTDC_HEADERS=1 -DTcl_Size=int -DUSE_THREAD_ALLOC=1 -D_REENTRANT=1 -D_THREAD_SAFE=1 -DTCL_THREADS=1 -DUSE_TCL_STUBS=1 -DUSE_TCLOO_STUBS=1 -DMODULE_SCOPE=extern\ __attribute__\(\(__visibility__\(\"hidden\"\)\)\) -DHAVE_HIDDEN=1 -DHAVE_CAST_TO_UNION=1 -DHAVE_STDBOOL_H=1 -DTCL_WIDE_INT_IS_LONG=1 -DTCL_CFG_OPTIMIZED=1 -DUSE_TCL_STUBS=1 -DTCL_MAJOR_VERSION=8 -DTK_MAJOR_VERSION=8'
ECHO_C=''
ECHO_N='-n'
ECHO_T=''
EGREP='/usr/bin/grep -E'
EXEEXT=''
GREP='/usr/bin/grep'
INSTALL='$(SHELL) $(srcdir)/tclconfig/install-sh -c'
INSTALL_DATA='${INSTALL} -m 644'
INSTALL_DATA_DIR='${INSTALL} -d -m 755'
INSTALL_LIBRARY='${INSTALL} -m 644'
INSTALL_PROGRAM='${INSTALL} -m 755'
INSTALL_SCRIPT='${INSTALL} -m 755'
LDFLAGS=' -Wl,--export-dynamic '
LDFLAGS_DEBUG=''
LDFLAGS_DEFAULT=''
LDFLAGS_OPTIMIZE=''
LD_LIBRARY_PATH_VAR='LD_LIBRARY_PATH'
LIBOBJS=''
LIBS=''
LTLIBOBJS=''
LUNASVG_DIR='/home/greg/src/lunasvg'
MAKE_LIB='${SHLIB_LD} ${LDFLAGS} ${LDFLAGS_DEFAULT} -o $@ $(PKG_OBJECTS) ${SHLIB_LD_LIBS} '
MAKE_SHARED_LIB='${SHLIB_LD} ${LDFLAGS} ${LDFLAGS_DEFAULT} -o $@ $(PKG_OBJECTS) ${SHLIB_LD_LIBS}'
MAKE_STATIC_LIB='${STLIB_LD} $@ $(PKG_OBJECTS)'
MAKE_STUB_LIB='${STLIB_LD} $@ $(PKG_STUB_OBJECTS)'
OBJEXT='o'
PACKAGE_BUGREPORT=''
PACKAGE_NAME='tcllunasvg'
PACKAGE_STRING='tcllunasvg 0.1.1'
PACKAGE_TARNAME='tcllunasvg'
PACKAGE_URL=''
PACKAGE_VERSION='0.1.1'
PATH_SEPARATOR=':'
PKG_CFLAGS=''
PKG_HEADERS=''
PKG_INCLUDES=' -I/home/greg/src/lunasvg/include'
PKG_LIBS=' -L/home/greg/src/lunasvg/build_shared -llunasvg'
PKG_LIB_FILE8='libtcllunasvg0.1.1.so'
PKG_LIB_FILE9='libtcl9tcllunasvg0.1.1.so'
PKG_LIB_FILE='libtcllunasvg0.1.1.so'
PKG_OBJECTS=' tcllunasvg.o'
PKG_SOURCES=' src/tcllunasvg.cpp'
PKG_STUB_LIB_FILE='libtcllunasvgstub0.1.1.a'
PKG_STUB_OBJECTS=''
PKG_STUB_SOURCES=''
PKG_TCL_SOURCES=''
RANLIB=':'
RANLIB_STUB='ranlib'
RC=''
SET_MAKE=''
SHARED_BUILD='1'
SHELL='/bin/bash'
SHLIB_CFLAGS='-fPIC'
SHLIB_LD='${CXX} ${CXXFLAGS} ${LDFLAGS_DEFAULT} -shared -static-libstdc++ -static-libgcc'
SHLIB_LD_LIBS='${LIBS} -L/usr/lib/x86_64-linux-gnu -ltclstub8.6'
STLIB_LD='${AR} cr'
STUBS_BUILD='1'
TCLSH_PROG='/usr/bin/tclsh8.6'
TCL_BIN_DIR='/usr/lib/tcl8.6'
TCL_DEFS='-DPACKAGE_NAME=\"tcl\" -DPACKAGE_TARNAME=\"tcl\" -DPACKAGE_VERSION=\"8.6\" -DPACKAGE_STRING=\"tcl\ 8.6\" -DPACKAGE_BUGREPORT=\"\" -DPACKAGE_URL=\"\" -DHAVE_STDIO_H=1 -DHAVE_STDLIB_H=1 -DHAVE_STRING_H=1 -DHAVE_INTTYPES_H=1 -DHAVE_STDINT_H=1 -DHAVE_STRINGS_H=1 -DHAVE_SYS_STAT_H=1 -DHAVE_SYS_TYPES_H=1 -DHAVE_UNISTD_H=1 -DHAVE_SYS_TIME_H=1 -DSTDC_HEADERS=1 -DHAVE_SYS_PARAM_H=1 -DUSE_THREAD_ALLOC=1 -D_REENTRANT=1 -D_THREAD_SAFE=1 -DHAVE_PTHREAD_ATTR_SETSTACKSIZE=1 -DHAVE_PTHREAD_ATFORK=1 -DTCL_THREADS=1 -DTCL_CFGVAL_ENCODING=\"iso8859-1\" -DHAVE_ZLIB=1 -DMODULE_SCOPE=extern\ __attribute__\(\(__visibility__\(\"hidden\"\)\)\) -DHAVE_HIDDEN=1 -DHAVE_CAST_TO_UNION=1 -DHAVE_VFORK=1 -DHAVE_POSIX_SPAWNP=1 -DHAVE_POSIX_SPAWN_FILE_ACTIONS_ADDDUP2=1 -DHAVE_POSIX_SPAWNATTR_SETFLAGS=1 -DTCL_SHLIB_EXT=\".so\" -DNDEBUG=1 -DTCL_CFG_OPTIMIZED=1 -DMP_PREC=4 -D_LARGEFILE64_SOURCE=1 -DTCL_WIDE_INT_IS_LONG=1 -DHAVE_GETCWD=1 -DHAVE_MKSTEMP=1 -DHAVE_OPENDIR=1 -DHAVE_STRTOL=1 -DHAVE_WAITPID=1 -DHAVE_GETNAMEINFO=1 -DHAVE_GETADDRINFO=1 -DHAVE_FREEADDRINFO=1 -DHAVE_GAI_STRERROR=1 -DHAVE_STRUCT_ADDRINFO=1 -DHAVE_STRUCT_IN6_ADDR=1 -DHAVE_STRUCT_SOCKADDR_IN6=1 -DHAVE_STRUCT_SOCKADDR_STORAGE=1 -DHAVE_GETPWUID_R_5=1 -DHAVE_GETPWUID_R=1 -DHAVE_GETPWNAM_R_5=1 -DHAVE_GETPWNAM_R=1 -DHAVE_GETGRGID_R_5=1 -DHAVE_GETGRGID_R=1 -DHAVE_GETGRNAM_R_5=1 -DHAVE_GETGRNAM_R=1 -DHAVE_DECL_GETHOSTBYNAME_R=1 -DHAVE_GETHOSTBYNAME_R_6=1 -DHAVE_GETHOSTBYNAME_R=1 -DHAVE_DECL_GETHOSTBYADDR_R=1 -DHAVE_GETHOSTBYADDR_R_8=1 -DHAVE_GETHOSTBYADDR_R=1 -DHAVE_TERMIOS_H=1 -DHAVE_SYS_IOCTL_H=1 -DHAVE_SYS_TIME_H=1 -DTIME_WITH_SYS_TIME=1 -DHAVE_GMTIME_R=1 -DHAVE_LOCALTIME_R=1 -DHAVE_MKTIME=1 -DHAVE_TM_GMTOFF=1 -DHAVE_TIMEZONE_VAR=1 -DHAVE_STRUCT_STAT_ST_BLOCKS=1 -DHAVE_STRUCT_STAT_ST_BLKSIZE=1 -DHAVE_BLKCNT_T=1 -DHAVE_INTPTR_T=1 -DHAVE_UINTPTR_T=1 -DNO_UNION_WAIT=1 -DHAVE_SIGNED_CHAR=1 -DHAVE_LANGINFO=1 -DHAVE_MKSTEMPS=1 -DHAVE_FTS=1 -DHAVE_SYS_IOCTL_H=1 -DTCL_UNLOAD_DLLS=1 -DHAVE_CPUID=1'
TCL_EXEC_PREFIX='/usr'
TCL_EXTRA_CFLAGS='-g -O2 -Werror=implicit-function-declaration -ffile-prefix-map=/build/reproducible-path/tcl8.6-8.6.18+dfsg=. -fstack-protector-strong -fstack-clash-protection -Wformat -Werror=format-security -fcf-protection -fno-unit-at-a-time -pipe -Wdate-time -D_FORTIFY_SOURCE=2'
TCL_INCLUDES='-I"/usr/include/tcl8.6"'
TCL_INCLUDE_SPEC='-I/usr/include/tcl8.6'
TCL_LD_FLAGS='-Wl,-z,relro -Wl,--export-dynamic '
TCL_LIBS='-ldl -lz  -lpthread -lm'
TCL_LIB_FILE='libtcl8.6.so'
TCL_LIB_FLAG='-ltcl8.6'
TCL_LIB_SPEC='-L/usr/lib/x86_64-linux-gnu -ltcl8.6'
TCL_PATCH_LEVEL='.18'
TCL_PREFIX='/usr'
TCL_SHLIB_LD_LIBS='${LIBS}'
TCL_SRC_DIR='/usr/include/tcl8.6/tcl-private'
TCL_STUB_LIB_FILE='libtclstub8.6.a'
TCL_STUB_LIB_FLAG='-ltclstub8.6'
TCL_STUB_LIB_SPEC='-L/usr/lib/x86_64-linux-gnu -ltclstub8.6'
TCL_THREADS='1'
TCL_VERSION='8.6'
VC_MANIFEST_EMBED_DLL=''
VC_MANIFEST_EMBED_EXE=''
ac_ct_CC='gcc'
ac_ct_CXX='g++'
bindir='${exec_prefix}/bin'
build_alias=''
datadir='${datarootdir}'
datarootdir='${prefix}/share'
docdir='${datarootdir}/doc/${PACKAGE_TARNAME}'
dvidir='${docdir}'
exec_prefix='/usr'
host_alias=''
htmldir='${docdir}'
includedir='${prefix}/include'
infodir='${datarootdir}/info'
libdir='${exec_prefix}/lib'
libexecdir='${exec_prefix}/libexec'
localedir='${datarootdir}/locale'
localstatedir='${prefix}/var'
mandir='${datarootdir}/man'
oldincludedir='/usr/include'
pdfdir='${docdir}'
prefix='/usr'
program_transform_name='s,x,x,'
psdir='${docdir}'
runstatedir='${localstatedir}/run'
sbindir='${exec_prefix}/sbin'
sharedstatedir='${prefix}/com'
sysconfdir='${prefix}/etc'
target_alias=''

## ----------- ##
## confdefs.h. ##
## ----------- ##

/* confdefs.h */
#define PACKAGE_NAME "tcllunasvg"
#define PACKAGE_TARNAME "tcllunasvg"
#define PACKAGE_VERSION "0.1.1"
#define PACKAGE_STRING "tcllunasvg 0.1.1"
#define PACKAGE_BUGREPORT ""
#define PACKAGE_URL ""
#define BUILD_tcllunasvg /**/
#define HAVE_STDIO_H 1
#define HAVE_STDLIB_H 1
#define HAVE_STRING_H 1
#define HAVE_INTTYPES_H 1
#define HAVE_STDINT_H 1
#define HAVE_STRINGS_H 1
#define HAVE_SYS_STAT_H 1
#define HAVE_SYS_TYPES_H 1
#define HAVE_UNISTD_H 1
#define STDC_HEADERS 1
#define Tcl_Size int
#define USE_THREAD_ALLOC 1
#define _REENTRANT 1
#define _THREAD_SAFE 1
#define TCL_THREADS 1
#define USE_TCL_STUBS 1
#define USE_TCLOO_STUBS 1
#define MODULE_SCOPE extern __attribute__((__visibility__("hidden")))
#define HAVE_HIDDEN 1
#define HAVE_CAST_TO_UNION 1
#define HAVE_STDBOOL_H 1
#define TCL_WIDE_INT_IS_LONG 1
#define TCL_CFG_OPTIMIZED 1
#define USE_TCL_STUBS 1
#define TCL_MAJOR_VERSION 8
#define TK_MAJOR_VERSION 8

configure: exit 0
